{"C:\\Users\\user\\Downloads\\uniway_source\\webapp\\src\\index.tsx": {"path":"C:\\Users\\user\\Downloads\\uniway_source\\webapp\\src\\index.tsx","statementMap":{"0":{"start":{"line":62,"column":23},"end":{"line":72,"column":null}},"1":{"start":{"line":66,"column":58},"end":{"line":66,"column":100}},"2":{"start":{"line":74,"column":20},"end":{"line":77,"column":null}},"3":{"start":{"line":79,"column":22},"end":{"line":87,"column":null}},"4":{"start":{"line":89,"column":29},"end":{"line":92,"column":null}},"5":{"start":{"line":94,"column":31},"end":{"line":99,"column":null}},"6":{"start":{"line":101,"column":31},"end":{"line":106,"column":null}},"7":{"start":{"line":108,"column":24},"end":{"line":113,"column":null}},"8":{"start":{"line":117,"column":18},"end":{"line":117,"column":null}},"9":{"start":{"line":118,"column":15},"end":{"line":118,"column":null}},"10":{"start":{"line":119,"column":21},"end":{"line":119,"column":null}},"11":{"start":{"line":120,"column":2},"end":{"line":122,"column":null}},"12":{"start":{"line":121,"column":14},"end":{"line":121,"column":45}},"13":{"start":{"line":126,"column":16},"end":{"line":126,"column":null}},"14":{"start":{"line":127,"column":2},"end":{"line":127,"column":null}},"15":{"start":{"line":128,"column":2},"end":{"line":128,"column":null}},"16":{"start":{"line":128,"column":36},"end":{"line":128,"column":67}},"17":{"start":{"line":132,"column":2},"end":{"line":132,"column":null}},"18":{"start":{"line":136,"column":16},"end":{"line":136,"column":null}},"19":{"start":{"line":137,"column":2},"end":{"line":137,"column":null}},"20":{"start":{"line":137,"column":25},"end":{"line":137,"column":null}},"21":{"start":{"line":138,"column":2},"end":{"line":138,"column":null}},"22":{"start":{"line":142,"column":36},"end":{"line":142,"column":null}},"23":{"start":{"line":143,"column":2},"end":{"line":143,"column":null}},"24":{"start":{"line":148,"column":21},"end":{"line":148,"column":null}},"25":{"start":{"line":149,"column":2},"end":{"line":149,"column":null}},"26":{"start":{"line":149,"column":41},"end":{"line":149,"column":null}},"27":{"start":{"line":150,"column":2},"end":{"line":150,"column":null}},"28":{"start":{"line":154,"column":2},"end":{"line":154,"column":null}},"29":{"start":{"line":154,"column":14},"end":{"line":154,"column":null}},"30":{"start":{"line":155,"column":14},"end":{"line":158,"column":null}},"31":{"start":{"line":159,"column":2},"end":{"line":159,"column":null}},"32":{"start":{"line":159,"column":12},"end":{"line":159,"column":null}},"33":{"start":{"line":160,"column":2},"end":{"line":163,"column":null}},"34":{"start":{"line":168,"column":19},"end":{"line":171,"column":null}},"35":{"start":{"line":172,"column":2},"end":{"line":172,"column":null}},"36":{"start":{"line":172,"column":16},"end":{"line":172,"column":null}},"37":{"start":{"line":173,"column":15},"end":{"line":173,"column":null}},"38":{"start":{"line":174,"column":2},"end":{"line":178,"column":null}},"39":{"start":{"line":182,"column":110},"end":{"line":209,"column":null}},"40":{"start":{"line":220,"column":43},"end":{"line":225,"column":null}},"41":{"start":{"line":226,"column":16},"end":{"line":226,"column":null}},"42":{"start":{"line":228,"column":44},"end":{"line":232,"column":null}},"43":{"start":{"line":234,"column":21},"end":{"line":234,"column":null}},"44":{"start":{"line":236,"column":17},"end":{"line":254,"column":null}},"45":{"start":{"line":256,"column":2},"end":{"line":264,"column":null}},"46":{"start":{"line":257,"column":19},"end":{"line":260,"column":null}},"47":{"start":{"line":261,"column":4},"end":{"line":261,"column":null}},"48":{"start":{"line":263,"column":4},"end":{"line":263,"column":null}},"49":{"start":{"line":268,"column":42},"end":{"line":273,"column":null}},"50":{"start":{"line":274,"column":14},"end":{"line":274,"column":null}},"51":{"start":{"line":275,"column":2},"end":{"line":275,"column":null}},"52":{"start":{"line":275,"column":19},"end":{"line":275,"column":null}},"53":{"start":{"line":276,"column":2},"end":{"line":276,"column":null}},"54":{"start":{"line":276,"column":19},"end":{"line":276,"column":null}},"55":{"start":{"line":277,"column":2},"end":{"line":277,"column":null}},"56":{"start":{"line":282,"column":13},"end":{"line":282,"column":null}},"57":{"start":{"line":283,"column":2},"end":{"line":283,"column":null}},"58":{"start":{"line":283,"column":27},"end":{"line":283,"column":null}},"59":{"start":{"line":284,"column":2},"end":{"line":284,"column":null}},"60":{"start":{"line":284,"column":27},"end":{"line":284,"column":null}},"61":{"start":{"line":285,"column":2},"end":{"line":285,"column":null}},"62":{"start":{"line":290,"column":16},"end":{"line":290,"column":null}},"63":{"start":{"line":291,"column":2},"end":{"line":291,"column":null}},"64":{"start":{"line":295,"column":12},"end":{"line":295,"column":null}},"65":{"start":{"line":297,"column":0},"end":{"line":301,"column":null}},"66":{"start":{"line":303,"column":0},"end":{"line":303,"column":null}},"67":{"start":{"line":310,"column":0},"end":{"line":365,"column":null}},"68":{"start":{"line":311,"column":13},"end":{"line":311,"column":null}},"69":{"start":{"line":312,"column":2},"end":{"line":312,"column":null}},"70":{"start":{"line":315,"column":2},"end":{"line":316,"column":null}},"71":{"start":{"line":315,"column":8},"end":{"line":315,"column":33}},"72":{"start":{"line":316,"column":10},"end":{"line":316,"column":66}},"73":{"start":{"line":318,"column":17},"end":{"line":318,"column":null}},"74":{"start":{"line":319,"column":2},"end":{"line":322,"column":null}},"75":{"start":{"line":320,"column":16},"end":{"line":320,"column":null}},"76":{"start":{"line":321,"column":4},"end":{"line":321,"column":null}},"77":{"start":{"line":324,"column":94},"end":{"line":324,"column":null}},"78":{"start":{"line":325,"column":26},"end":{"line":325,"column":null}},"79":{"start":{"line":328,"column":19},"end":{"line":331,"column":null}},"80":{"start":{"line":332,"column":2},"end":{"line":332,"column":null}},"81":{"start":{"line":332,"column":16},"end":{"line":332,"column":null}},"82":{"start":{"line":334,"column":13},"end":{"line":334,"column":null}},"83":{"start":{"line":335,"column":23},"end":{"line":335,"column":null}},"84":{"start":{"line":336,"column":17},"end":{"line":336,"column":null}},"85":{"start":{"line":337,"column":8},"end":{"line":337,"column":null}},"86":{"start":{"line":339,"column":2},"end":{"line":350,"column":null}},"87":{"start":{"line":352,"column":16},"end":{"line":352,"column":null}},"88":{"start":{"line":353,"column":2},"end":{"line":355,"column":null}},"89":{"start":{"line":357,"column":15},"end":{"line":357,"column":null}},"90":{"start":{"line":359,"column":2},"end":{"line":364,"column":null}},"91":{"start":{"line":368,"column":0},"end":{"line":401,"column":null}},"92":{"start":{"line":369,"column":13},"end":{"line":369,"column":null}},"93":{"start":{"line":370,"column":2},"end":{"line":370,"column":null}},"94":{"start":{"line":373,"column":2},"end":{"line":374,"column":null}},"95":{"start":{"line":373,"column":8},"end":{"line":373,"column":33}},"96":{"start":{"line":374,"column":10},"end":{"line":374,"column":66}},"97":{"start":{"line":376,"column":17},"end":{"line":376,"column":null}},"98":{"start":{"line":377,"column":2},"end":{"line":377,"column":null}},"99":{"start":{"line":377,"column":23},"end":{"line":377,"column":null}},"100":{"start":{"line":379,"column":26},"end":{"line":379,"column":null}},"101":{"start":{"line":380,"column":15},"end":{"line":383,"column":null}},"102":{"start":{"line":385,"column":2},"end":{"line":385,"column":null}},"103":{"start":{"line":385,"column":13},"end":{"line":385,"column":null}},"104":{"start":{"line":387,"column":20},"end":{"line":387,"column":null}},"105":{"start":{"line":388,"column":2},"end":{"line":388,"column":null}},"106":{"start":{"line":388,"column":39},"end":{"line":388,"column":null}},"107":{"start":{"line":390,"column":16},"end":{"line":390,"column":null}},"108":{"start":{"line":391,"column":2},"end":{"line":393,"column":null}},"109":{"start":{"line":395,"column":2},"end":{"line":400,"column":null}},"110":{"start":{"line":404,"column":0},"end":{"line":408,"column":null}},"111":{"start":{"line":405,"column":15},"end":{"line":405,"column":null}},"112":{"start":{"line":406,"column":2},"end":{"line":406,"column":null}},"113":{"start":{"line":406,"column":13},"end":{"line":406,"column":null}},"114":{"start":{"line":407,"column":2},"end":{"line":407,"column":null}},"115":{"start":{"line":411,"column":0},"end":{"line":415,"column":null}},"116":{"start":{"line":412,"column":16},"end":{"line":412,"column":null}},"117":{"start":{"line":413,"column":2},"end":{"line":413,"column":null}},"118":{"start":{"line":413,"column":13},"end":{"line":413,"column":null}},"119":{"start":{"line":414,"column":2},"end":{"line":414,"column":null}},"120":{"start":{"line":418,"column":0},"end":{"line":452,"column":null}},"121":{"start":{"line":419,"column":13},"end":{"line":419,"column":null}},"122":{"start":{"line":420,"column":15},"end":{"line":420,"column":null}},"123":{"start":{"line":421,"column":2},"end":{"line":421,"column":null}},"124":{"start":{"line":421,"column":13},"end":{"line":421,"column":null}},"125":{"start":{"line":424,"column":2},"end":{"line":425,"column":null}},"126":{"start":{"line":424,"column":8},"end":{"line":424,"column":33}},"127":{"start":{"line":425,"column":10},"end":{"line":425,"column":66}},"128":{"start":{"line":427,"column":17},"end":{"line":427,"column":null}},"129":{"start":{"line":428,"column":2},"end":{"line":428,"column":null}},"130":{"start":{"line":428,"column":23},"end":{"line":428,"column":null}},"131":{"start":{"line":430,"column":78},"end":{"line":430,"column":null}},"132":{"start":{"line":431,"column":18},"end":{"line":431,"column":null}},"133":{"start":{"line":432,"column":17},"end":{"line":432,"column":null}},"134":{"start":{"line":434,"column":2},"end":{"line":448,"column":null}},"135":{"start":{"line":450,"column":18},"end":{"line":450,"column":null}},"136":{"start":{"line":451,"column":2},"end":{"line":451,"column":null}},"137":{"start":{"line":455,"column":0},"end":{"line":473,"column":null}},"138":{"start":{"line":456,"column":13},"end":{"line":456,"column":null}},"139":{"start":{"line":457,"column":15},"end":{"line":457,"column":null}},"140":{"start":{"line":458,"column":2},"end":{"line":458,"column":null}},"141":{"start":{"line":458,"column":13},"end":{"line":458,"column":null}},"142":{"start":{"line":461,"column":2},"end":{"line":462,"column":null}},"143":{"start":{"line":461,"column":8},"end":{"line":461,"column":33}},"144":{"start":{"line":462,"column":10},"end":{"line":462,"column":66}},"145":{"start":{"line":464,"column":17},"end":{"line":464,"column":null}},"146":{"start":{"line":465,"column":2},"end":{"line":465,"column":null}},"147":{"start":{"line":465,"column":23},"end":{"line":465,"column":null}},"148":{"start":{"line":467,"column":22},"end":{"line":467,"column":null}},"149":{"start":{"line":468,"column":2},"end":{"line":468,"column":null}},"150":{"start":{"line":468,"column":41},"end":{"line":468,"column":null}},"151":{"start":{"line":470,"column":18},"end":{"line":470,"column":null}},"152":{"start":{"line":471,"column":2},"end":{"line":471,"column":null}},"153":{"start":{"line":472,"column":2},"end":{"line":472,"column":null}},"154":{"start":{"line":480,"column":0},"end":{"line":487,"column":null}},"155":{"start":{"line":481,"column":20},"end":{"line":481,"column":null}},"156":{"start":{"line":482,"column":2},"end":{"line":484,"column":null}},"157":{"start":{"line":483,"column":4},"end":{"line":483,"column":null}},"158":{"start":{"line":485,"column":14},"end":{"line":485,"column":null}},"159":{"start":{"line":486,"column":2},"end":{"line":486,"column":null}},"160":{"start":{"line":490,"column":0},"end":{"line":496,"column":null}},"161":{"start":{"line":491,"column":13},"end":{"line":491,"column":null}},"162":{"start":{"line":492,"column":14},"end":{"line":492,"column":null}},"163":{"start":{"line":493,"column":15},"end":{"line":493,"column":null}},"164":{"start":{"line":493,"column":29},"end":{"line":493,"column":40}},"165":{"start":{"line":494,"column":2},"end":{"line":494,"column":null}},"166":{"start":{"line":494,"column":13},"end":{"line":494,"column":null}},"167":{"start":{"line":495,"column":2},"end":{"line":495,"column":null}},"168":{"start":{"line":503,"column":0},"end":{"line":514,"column":null}},"169":{"start":{"line":504,"column":13},"end":{"line":504,"column":null}},"170":{"start":{"line":505,"column":15},"end":{"line":505,"column":null}},"171":{"start":{"line":506,"column":2},"end":{"line":506,"column":null}},"172":{"start":{"line":506,"column":13},"end":{"line":506,"column":null}},"173":{"start":{"line":508,"column":22},"end":{"line":511,"column":null}},"174":{"start":{"line":513,"column":2},"end":{"line":513,"column":null}},"175":{"start":{"line":517,"column":0},"end":{"line":556,"column":null}},"176":{"start":{"line":518,"column":13},"end":{"line":518,"column":null}},"177":{"start":{"line":519,"column":15},"end":{"line":519,"column":null}},"178":{"start":{"line":520,"column":2},"end":{"line":520,"column":null}},"179":{"start":{"line":520,"column":13},"end":{"line":520,"column":null}},"180":{"start":{"line":521,"column":2},"end":{"line":521,"column":null}},"181":{"start":{"line":521,"column":31},"end":{"line":521,"column":null}},"182":{"start":{"line":524,"column":2},"end":{"line":525,"column":null}},"183":{"start":{"line":524,"column":8},"end":{"line":524,"column":33}},"184":{"start":{"line":525,"column":10},"end":{"line":525,"column":66}},"185":{"start":{"line":527,"column":17},"end":{"line":527,"column":null}},"186":{"start":{"line":528,"column":2},"end":{"line":528,"column":null}},"187":{"start":{"line":528,"column":23},"end":{"line":528,"column":null}},"188":{"start":{"line":530,"column":52},"end":{"line":530,"column":null}},"189":{"start":{"line":533,"column":17},"end":{"line":536,"column":null}},"190":{"start":{"line":537,"column":2},"end":{"line":537,"column":null}},"191":{"start":{"line":537,"column":14},"end":{"line":537,"column":null}},"192":{"start":{"line":539,"column":26},"end":{"line":548,"column":null}},"193":{"start":{"line":550,"column":2},"end":{"line":553,"column":null}},"194":{"start":{"line":555,"column":2},"end":{"line":555,"column":null}},"195":{"start":{"line":559,"column":0},"end":{"line":601,"column":null}},"196":{"start":{"line":560,"column":13},"end":{"line":560,"column":null}},"197":{"start":{"line":561,"column":15},"end":{"line":561,"column":null}},"198":{"start":{"line":562,"column":2},"end":{"line":562,"column":null}},"199":{"start":{"line":562,"column":13},"end":{"line":562,"column":null}},"200":{"start":{"line":564,"column":16},"end":{"line":564,"column":null}},"201":{"start":{"line":565,"column":14},"end":{"line":568,"column":null}},"202":{"start":{"line":569,"column":2},"end":{"line":569,"column":null}},"203":{"start":{"line":569,"column":12},"end":{"line":569,"column":null}},"204":{"start":{"line":572,"column":2},"end":{"line":573,"column":null}},"205":{"start":{"line":572,"column":8},"end":{"line":572,"column":33}},"206":{"start":{"line":573,"column":10},"end":{"line":573,"column":66}},"207":{"start":{"line":575,"column":17},"end":{"line":575,"column":null}},"208":{"start":{"line":576,"column":2},"end":{"line":576,"column":null}},"209":{"start":{"line":576,"column":23},"end":{"line":576,"column":null}},"210":{"start":{"line":578,"column":15},"end":{"line":578,"column":null}},"211":{"start":{"line":579,"column":50},"end":{"line":579,"column":null}},"212":{"start":{"line":582,"column":2},"end":{"line":593,"column":null}},"213":{"start":{"line":583,"column":21},"end":{"line":583,"column":null}},"214":{"start":{"line":584,"column":22},"end":{"line":584,"column":null}},"215":{"start":{"line":587,"column":22},"end":{"line":587,"column":null}},"216":{"start":{"line":588,"column":4},"end":{"line":588,"column":null}},"217":{"start":{"line":590,"column":17},"end":{"line":590,"column":null}},"218":{"start":{"line":591,"column":4},"end":{"line":591,"column":null}},"219":{"start":{"line":592,"column":4},"end":{"line":592,"column":null}},"220":{"start":{"line":595,"column":2},"end":{"line":597,"column":null}},"221":{"start":{"line":599,"column":18},"end":{"line":599,"column":null}},"222":{"start":{"line":600,"column":2},"end":{"line":600,"column":null}},"223":{"start":{"line":608,"column":0},"end":{"line":619,"column":null}},"224":{"start":{"line":609,"column":13},"end":{"line":609,"column":null}},"225":{"start":{"line":610,"column":15},"end":{"line":610,"column":null}},"226":{"start":{"line":611,"column":2},"end":{"line":611,"column":null}},"227":{"start":{"line":611,"column":13},"end":{"line":611,"column":null}},"228":{"start":{"line":613,"column":22},"end":{"line":616,"column":null}},"229":{"start":{"line":618,"column":2},"end":{"line":618,"column":null}},"230":{"start":{"line":622,"column":0},"end":{"line":645,"column":null}},"231":{"start":{"line":623,"column":13},"end":{"line":623,"column":null}},"232":{"start":{"line":624,"column":15},"end":{"line":624,"column":null}},"233":{"start":{"line":625,"column":2},"end":{"line":625,"column":null}},"234":{"start":{"line":625,"column":13},"end":{"line":625,"column":null}},"235":{"start":{"line":628,"column":2},"end":{"line":629,"column":null}},"236":{"start":{"line":628,"column":8},"end":{"line":628,"column":33}},"237":{"start":{"line":629,"column":10},"end":{"line":629,"column":66}},"238":{"start":{"line":631,"column":17},"end":{"line":631,"column":null}},"239":{"start":{"line":632,"column":2},"end":{"line":632,"column":null}},"240":{"start":{"line":632,"column":23},"end":{"line":632,"column":null}},"241":{"start":{"line":634,"column":57},"end":{"line":634,"column":null}},"242":{"start":{"line":635,"column":13},"end":{"line":635,"column":null}},"243":{"start":{"line":636,"column":8},"end":{"line":636,"column":null}},"244":{"start":{"line":638,"column":2},"end":{"line":641,"column":null}},"245":{"start":{"line":643,"column":17},"end":{"line":643,"column":null}},"246":{"start":{"line":644,"column":2},"end":{"line":644,"column":null}},"247":{"start":{"line":652,"column":0},"end":{"line":682,"column":null}},"248":{"start":{"line":653,"column":13},"end":{"line":653,"column":null}},"249":{"start":{"line":654,"column":15},"end":{"line":654,"column":null}},"250":{"start":{"line":655,"column":2},"end":{"line":655,"column":null}},"251":{"start":{"line":655,"column":13},"end":{"line":655,"column":null}},"252":{"start":{"line":656,"column":2},"end":{"line":656,"column":null}},"253":{"start":{"line":656,"column":31},"end":{"line":656,"column":null}},"254":{"start":{"line":658,"column":28},"end":{"line":661,"column":null}},"255":{"start":{"line":662,"column":34},"end":{"line":665,"column":null}},"256":{"start":{"line":667,"column":20},"end":{"line":667,"column":null}},"257":{"start":{"line":667,"column":37},"end":{"line":667,"column":61}},"258":{"start":{"line":668,"column":19},"end":{"line":669,"column":null}},"259":{"start":{"line":669,"column":44},"end":{"line":669,"column":64}},"260":{"start":{"line":670,"column":28},"end":{"line":671,"column":null}},"261":{"start":{"line":671,"column":45},"end":{"line":671,"column":58}},"262":{"start":{"line":673,"column":2},"end":{"line":681,"column":null}},"263":{"start":{"line":675,"column":38},"end":{"line":675,"column":64}},"264":{"start":{"line":689,"column":0},"end":{"line":709,"column":null}},"265":{"start":{"line":690,"column":13},"end":{"line":690,"column":null}},"266":{"start":{"line":691,"column":15},"end":{"line":691,"column":null}},"267":{"start":{"line":692,"column":2},"end":{"line":692,"column":null}},"268":{"start":{"line":692,"column":13},"end":{"line":692,"column":null}},"269":{"start":{"line":693,"column":2},"end":{"line":693,"column":null}},"270":{"start":{"line":693,"column":31},"end":{"line":693,"column":null}},"271":{"start":{"line":696,"column":22},"end":{"line":706,"column":null}},"272":{"start":{"line":708,"column":2},"end":{"line":708,"column":null}},"273":{"start":{"line":716,"column":0},"end":{"line":725,"column":null}},"274":{"start":{"line":717,"column":13},"end":{"line":717,"column":null}},"275":{"start":{"line":718,"column":15},"end":{"line":718,"column":null}},"276":{"start":{"line":719,"column":2},"end":{"line":719,"column":null}},"277":{"start":{"line":719,"column":38},"end":{"line":719,"column":null}},"278":{"start":{"line":721,"column":22},"end":{"line":723,"column":null}},"279":{"start":{"line":724,"column":2},"end":{"line":724,"column":null}},"280":{"start":{"line":728,"column":0},"end":{"line":744,"column":null}},"281":{"start":{"line":729,"column":13},"end":{"line":729,"column":null}},"282":{"start":{"line":730,"column":15},"end":{"line":730,"column":null}},"283":{"start":{"line":731,"column":2},"end":{"line":731,"column":null}},"284":{"start":{"line":731,"column":38},"end":{"line":731,"column":null}},"285":{"start":{"line":733,"column":22},"end":{"line":733,"column":null}},"286":{"start":{"line":734,"column":23},"end":{"line":734,"column":null}},"287":{"start":{"line":735,"column":18},"end":{"line":735,"column":null}},"288":{"start":{"line":736,"column":24},"end":{"line":736,"column":null}},"289":{"start":{"line":738,"column":2},"end":{"line":743,"column":null}},"290":{"start":{"line":750,"column":0},"end":{"line":890,"column":null}},"291":{"start":{"line":751,"column":15},"end":{"line":888,"column":null}},"292":{"start":{"line":889,"column":2},"end":{"line":889,"column":null}},"293":{"start":{"line":896,"column":2},"end":{"line":896,"column":null}},"294":{"start":{"line":930,"column":19},"end":{"line":931,"column":null}},"295":{"start":{"line":933,"column":0},"end":{"line":935,"column":null}},"296":{"start":{"line":934,"column":2},"end":{"line":934,"column":null}},"297":{"start":{"line":934,"column":24},"end":{"line":934,"column":41}}},"fnMap":{"0":{"name":"(anonymous_0)","decl":{"start":{"line":66,"column":51},"end":{"line":66,"column":58}},"loc":{"start":{"line":66,"column":58},"end":{"line":66,"column":100}},"line":66},"1":{"name":"hashPassword","decl":{"start":{"line":116,"column":15},"end":{"line":116,"column":28}},"loc":{"start":{"line":116,"column":63},"end":{"line":123,"column":null}},"line":116},"2":{"name":"(anonymous_2)","decl":{"start":{"line":121,"column":9},"end":{"line":121,"column":14}},"loc":{"start":{"line":121,"column":14},"end":{"line":121,"column":45}},"line":121},"3":{"name":"generateToken","decl":{"start":{"line":125,"column":9},"end":{"line":125,"column":33}},"loc":{"start":{"line":125,"column":33},"end":{"line":129,"column":null}},"line":125},"4":{"name":"(anonymous_4)","decl":{"start":{"line":128,"column":31},"end":{"line":128,"column":36}},"loc":{"start":{"line":128,"column":36},"end":{"line":128,"column":67}},"line":128},"5":{"name":"generateId","decl":{"start":{"line":131,"column":9},"end":{"line":131,"column":30}},"loc":{"start":{"line":131,"column":30},"end":{"line":133,"column":null}},"line":131},"6":{"name":"getAvatarInitials","decl":{"start":{"line":135,"column":9},"end":{"line":135,"column":27}},"loc":{"start":{"line":135,"column":49},"end":{"line":139,"column":null}},"line":135},"7":{"name":"safeUser","decl":{"start":{"line":141,"column":9},"end":{"line":141,"column":18}},"loc":{"start":{"line":141,"column":30},"end":{"line":144,"column":null}},"line":141},"8":{"name":"getTokenFromRequest","decl":{"start":{"line":147,"column":9},"end":{"line":147,"column":29}},"loc":{"start":{"line":147,"column":52},"end":{"line":151,"column":null}},"line":147},"9":{"name":"getUserFromToken","decl":{"start":{"line":153,"column":15},"end":{"line":153,"column":32}},"loc":{"start":{"line":153,"column":92},"end":{"line":164,"column":null}},"line":153},"10":{"name":"seedAdmin","decl":{"start":{"line":167,"column":15},"end":{"line":167,"column":25}},"loc":{"start":{"line":167,"column":41},"end":{"line":179,"column":null}},"line":167},"11":{"name":"getAIFeedback","decl":{"start":{"line":212,"column":15},"end":{"line":212,"column":null}},"loc":{"start":{"line":218,"column":19},"end":{"line":265,"column":null}},"line":218},"12":{"name":"fallbackFeedback","decl":{"start":{"line":267,"column":9},"end":{"line":267,"column":26}},"loc":{"start":{"line":267,"column":68},"end":{"line":278,"column":null}},"line":267},"13":{"name":"detectLang","decl":{"start":{"line":281,"column":9},"end":{"line":281,"column":20}},"loc":{"start":{"line":281,"column":48},"end":{"line":286,"column":null}},"line":281},"14":{"name":"requireAuth","decl":{"start":{"line":289,"column":15},"end":{"line":289,"column":27}},"loc":{"start":{"line":289,"column":73},"end":{"line":292,"column":null}},"line":289},"15":{"name":"(anonymous_15)","decl":{"start":{"line":310,"column":31},"end":{"line":310,"column":38}},"loc":{"start":{"line":310,"column":44},"end":{"line":365,"column":1}},"line":310},"16":{"name":"(anonymous_16)","decl":{"start":{"line":368,"column":28},"end":{"line":368,"column":35}},"loc":{"start":{"line":368,"column":41},"end":{"line":401,"column":1}},"line":368},"17":{"name":"(anonymous_17)","decl":{"start":{"line":404,"column":24},"end":{"line":404,"column":31}},"loc":{"start":{"line":404,"column":37},"end":{"line":408,"column":1}},"line":404},"18":{"name":"(anonymous_18)","decl":{"start":{"line":411,"column":29},"end":{"line":411,"column":36}},"loc":{"start":{"line":411,"column":42},"end":{"line":415,"column":1}},"line":411},"19":{"name":"(anonymous_19)","decl":{"start":{"line":418,"column":29},"end":{"line":418,"column":36}},"loc":{"start":{"line":418,"column":42},"end":{"line":452,"column":1}},"line":418},"20":{"name":"(anonymous_20)","decl":{"start":{"line":455,"column":37},"end":{"line":455,"column":44}},"loc":{"start":{"line":455,"column":50},"end":{"line":473,"column":1}},"line":455},"21":{"name":"(anonymous_21)","decl":{"start":{"line":480,"column":22},"end":{"line":480,"column":23}},"loc":{"start":{"line":480,"column":29},"end":{"line":487,"column":1}},"line":480},"22":{"name":"(anonymous_22)","decl":{"start":{"line":490,"column":26},"end":{"line":490,"column":27}},"loc":{"start":{"line":490,"column":33},"end":{"line":496,"column":1}},"line":490},"23":{"name":"(anonymous_23)","decl":{"start":{"line":493,"column":24},"end":{"line":493,"column":29}},"loc":{"start":{"line":493,"column":29},"end":{"line":493,"column":40}},"line":493},"24":{"name":"(anonymous_24)","decl":{"start":{"line":503,"column":28},"end":{"line":503,"column":35}},"loc":{"start":{"line":503,"column":41},"end":{"line":514,"column":1}},"line":503},"25":{"name":"(anonymous_25)","decl":{"start":{"line":517,"column":29},"end":{"line":517,"column":36}},"loc":{"start":{"line":517,"column":42},"end":{"line":556,"column":1}},"line":517},"26":{"name":"(anonymous_26)","decl":{"start":{"line":559,"column":32},"end":{"line":559,"column":39}},"loc":{"start":{"line":559,"column":45},"end":{"line":601,"column":1}},"line":559},"27":{"name":"(anonymous_27)","decl":{"start":{"line":608,"column":27},"end":{"line":608,"column":34}},"loc":{"start":{"line":608,"column":40},"end":{"line":619,"column":1}},"line":608},"28":{"name":"(anonymous_28)","decl":{"start":{"line":622,"column":28},"end":{"line":622,"column":35}},"loc":{"start":{"line":622,"column":41},"end":{"line":645,"column":1}},"line":622},"29":{"name":"(anonymous_29)","decl":{"start":{"line":652,"column":30},"end":{"line":652,"column":37}},"loc":{"start":{"line":652,"column":43},"end":{"line":682,"column":1}},"line":652},"30":{"name":"(anonymous_30)","decl":{"start":{"line":667,"column":32},"end":{"line":667,"column":37}},"loc":{"start":{"line":667,"column":37},"end":{"line":667,"column":61}},"line":667},"31":{"name":"(anonymous_31)","decl":{"start":{"line":669,"column":34},"end":{"line":669,"column":35}},"loc":{"start":{"line":669,"column":44},"end":{"line":669,"column":64}},"line":669},"32":{"name":"(anonymous_32)","decl":{"start":{"line":671,"column":35},"end":{"line":671,"column":36}},"loc":{"start":{"line":671,"column":45},"end":{"line":671,"column":58}},"line":671},"33":{"name":"(anonymous_33)","decl":{"start":{"line":675,"column":33},"end":{"line":675,"column":38}},"loc":{"start":{"line":675,"column":38},"end":{"line":675,"column":64}},"line":675},"34":{"name":"(anonymous_34)","decl":{"start":{"line":689,"column":35},"end":{"line":689,"column":42}},"loc":{"start":{"line":689,"column":48},"end":{"line":709,"column":1}},"line":689},"35":{"name":"(anonymous_35)","decl":{"start":{"line":716,"column":27},"end":{"line":716,"column":34}},"loc":{"start":{"line":716,"column":40},"end":{"line":725,"column":1}},"line":716},"36":{"name":"(anonymous_36)","decl":{"start":{"line":728,"column":28},"end":{"line":728,"column":35}},"loc":{"start":{"line":728,"column":41},"end":{"line":744,"column":1}},"line":728},"37":{"name":"(anonymous_37)","decl":{"start":{"line":750,"column":21},"end":{"line":750,"column":22}},"loc":{"start":{"line":750,"column":28},"end":{"line":890,"column":1}},"line":750},"38":{"name":"getHTML","decl":{"start":{"line":895,"column":9},"end":{"line":895,"column":27}},"loc":{"start":{"line":895,"column":27},"end":{"line":928,"column":null}},"line":895},"39":{"name":"(anonymous_39)","decl":{"start":{"line":934,"column":17},"end":{"line":934,"column":18}},"loc":{"start":{"line":934,"column":24},"end":{"line":934,"column":41}},"line":934}},"branchMap":{"0":{"loc":{"start":{"line":137,"column":2},"end":{"line":137,"column":null}},"type":"if","locations":[{"start":{"line":137,"column":2},"end":{"line":137,"column":null}},{"start":{},"end":{}}],"line":137},"1":{"loc":{"start":{"line":149,"column":2},"end":{"line":149,"column":null}},"type":"if","locations":[{"start":{"line":149,"column":2},"end":{"line":149,"column":null}},{"start":{},"end":{}}],"line":149},"2":{"loc":{"start":{"line":154,"column":2},"end":{"line":154,"column":null}},"type":"if","locations":[{"start":{"line":154,"column":2},"end":{"line":154,"column":null}},{"start":{},"end":{}}],"line":154},"3":{"loc":{"start":{"line":159,"column":2},"end":{"line":159,"column":null}},"type":"if","locations":[{"start":{"line":159,"column":2},"end":{"line":159,"column":null}},{"start":{},"end":{}}],"line":159},"4":{"loc":{"start":{"line":172,"column":2},"end":{"line":172,"column":null}},"type":"if","locations":[{"start":{"line":172,"column":2},"end":{"line":172,"column":null}},{"start":{},"end":{}}],"line":172},"5":{"loc":{"start":{"line":217,"column":2},"end":{"line":217,"column":null}},"type":"default-arg","locations":[{"start":{"line":217,"column":29},"end":{"line":217,"column":null}}],"line":217},"6":{"loc":{"start":{"line":226,"column":16},"end":{"line":226,"column":null}},"type":"binary-expr","locations":[{"start":{"line":226,"column":16},"end":{"line":226,"column":39}},{"start":{"line":226,"column":39},"end":{"line":226,"column":null}}],"line":226},"7":{"loc":{"start":{"line":234,"column":21},"end":{"line":234,"column":null}},"type":"cond-expr","locations":[{"start":{"line":234,"column":35},"end":{"line":234,"column":49}},{"start":{"line":234,"column":49},"end":{"line":234,"column":null}}],"line":234},"8":{"loc":{"start":{"line":234,"column":49},"end":{"line":234,"column":null}},"type":"cond-expr","locations":[{"start":{"line":234,"column":63},"end":{"line":234,"column":72}},{"start":{"line":234,"column":72},"end":{"line":234,"column":null}}],"line":234},"9":{"loc":{"start":{"line":261,"column":11},"end":{"line":261,"column":null}},"type":"binary-expr","locations":[{"start":{"line":261,"column":11},"end":{"line":261,"column":38}},{"start":{"line":261,"column":38},"end":{"line":261,"column":null}}],"line":261},"10":{"loc":{"start":{"line":274,"column":14},"end":{"line":274,"column":null}},"type":"binary-expr","locations":[{"start":{"line":274,"column":14},"end":{"line":274,"column":36}},{"start":{"line":274,"column":36},"end":{"line":274,"column":null}}],"line":274},"11":{"loc":{"start":{"line":275,"column":2},"end":{"line":275,"column":null}},"type":"if","locations":[{"start":{"line":275,"column":2},"end":{"line":275,"column":null}},{"start":{},"end":{}}],"line":275},"12":{"loc":{"start":{"line":276,"column":2},"end":{"line":276,"column":null}},"type":"if","locations":[{"start":{"line":276,"column":2},"end":{"line":276,"column":null}},{"start":{},"end":{}}],"line":276},"13":{"loc":{"start":{"line":282,"column":13},"end":{"line":282,"column":null}},"type":"binary-expr","locations":[{"start":{"line":282,"column":13},"end":{"line":282,"column":48}},{"start":{"line":282,"column":48},"end":{"line":282,"column":null}}],"line":282},"14":{"loc":{"start":{"line":283,"column":2},"end":{"line":283,"column":null}},"type":"if","locations":[{"start":{"line":283,"column":2},"end":{"line":283,"column":null}},{"start":{},"end":{}}],"line":283},"15":{"loc":{"start":{"line":284,"column":2},"end":{"line":284,"column":null}},"type":"if","locations":[{"start":{"line":284,"column":2},"end":{"line":284,"column":null}},{"start":{},"end":{}}],"line":284},"16":{"loc":{"start":{"line":319,"column":2},"end":{"line":322,"column":null}},"type":"if","locations":[{"start":{"line":319,"column":2},"end":{"line":322,"column":null}},{"start":{},"end":{}}],"line":319},"17":{"loc":{"start":{"line":320,"column":16},"end":{"line":320,"column":null}},"type":"binary-expr","locations":[{"start":{"line":320,"column":16},"end":{"line":320,"column":51}},{"start":{"line":320,"column":51},"end":{"line":320,"column":null}}],"line":320},"18":{"loc":{"start":{"line":332,"column":2},"end":{"line":332,"column":null}},"type":"if","locations":[{"start":{"line":332,"column":2},"end":{"line":332,"column":null}},{"start":{},"end":{}}],"line":332},"19":{"loc":{"start":{"line":344,"column":4},"end":{"line":344,"column":null}},"type":"cond-expr","locations":[{"start":{"line":344,"column":26},"end":{"line":344,"column":47}},{"start":{"line":344,"column":47},"end":{"line":344,"column":null}}],"line":344},"20":{"loc":{"start":{"line":344,"column":26},"end":{"line":344,"column":47}},"type":"binary-expr","locations":[{"start":{"line":344,"column":26},"end":{"line":344,"column":39}},{"start":{"line":344,"column":39},"end":{"line":344,"column":47}}],"line":344},"21":{"loc":{"start":{"line":345,"column":4},"end":{"line":345,"column":null}},"type":"cond-expr","locations":[{"start":{"line":345,"column":26},"end":{"line":345,"column":46}},{"start":{"line":345,"column":46},"end":{"line":345,"column":null}}],"line":345},"22":{"loc":{"start":{"line":345,"column":26},"end":{"line":345,"column":46}},"type":"binary-expr","locations":[{"start":{"line":345,"column":26},"end":{"line":345,"column":40}},{"start":{"line":345,"column":40},"end":{"line":345,"column":46}}],"line":345},"23":{"loc":{"start":{"line":346,"column":4},"end":{"line":346,"column":null}},"type":"cond-expr","locations":[{"start":{"line":346,"column":26},"end":{"line":346,"column":49}},{"start":{"line":346,"column":49},"end":{"line":346,"column":null}}],"line":346},"24":{"loc":{"start":{"line":346,"column":26},"end":{"line":346,"column":49}},"type":"binary-expr","locations":[{"start":{"line":346,"column":26},"end":{"line":346,"column":41}},{"start":{"line":346,"column":41},"end":{"line":346,"column":49}}],"line":346},"25":{"loc":{"start":{"line":347,"column":4},"end":{"line":347,"column":null}},"type":"cond-expr","locations":[{"start":{"line":347,"column":26},"end":{"line":347,"column":46}},{"start":{"line":347,"column":46},"end":{"line":347,"column":null}}],"line":347},"26":{"loc":{"start":{"line":347,"column":26},"end":{"line":347,"column":46}},"type":"binary-expr","locations":[{"start":{"line":347,"column":26},"end":{"line":347,"column":38}},{"start":{"line":347,"column":38},"end":{"line":347,"column":46}}],"line":347},"27":{"loc":{"start":{"line":348,"column":4},"end":{"line":348,"column":null}},"type":"binary-expr","locations":[{"start":{"line":348,"column":4},"end":{"line":348,"column":12}},{"start":{"line":348,"column":12},"end":{"line":348,"column":null}}],"line":348},"28":{"loc":{"start":{"line":377,"column":2},"end":{"line":377,"column":null}},"type":"if","locations":[{"start":{"line":377,"column":2},"end":{"line":377,"column":null}},{"start":{},"end":{}}],"line":377},"29":{"loc":{"start":{"line":385,"column":2},"end":{"line":385,"column":null}},"type":"if","locations":[{"start":{"line":385,"column":2},"end":{"line":385,"column":null}},{"start":{},"end":{}}],"line":385},"30":{"loc":{"start":{"line":388,"column":2},"end":{"line":388,"column":null}},"type":"if","locations":[{"start":{"line":388,"column":2},"end":{"line":388,"column":null}},{"start":{},"end":{}}],"line":388},"31":{"loc":{"start":{"line":406,"column":2},"end":{"line":406,"column":null}},"type":"if","locations":[{"start":{"line":406,"column":2},"end":{"line":406,"column":null}},{"start":{},"end":{}}],"line":406},"32":{"loc":{"start":{"line":413,"column":2},"end":{"line":413,"column":null}},"type":"if","locations":[{"start":{"line":413,"column":2},"end":{"line":413,"column":null}},{"start":{},"end":{}}],"line":413},"33":{"loc":{"start":{"line":421,"column":2},"end":{"line":421,"column":null}},"type":"if","locations":[{"start":{"line":421,"column":2},"end":{"line":421,"column":null}},{"start":{},"end":{}}],"line":421},"34":{"loc":{"start":{"line":428,"column":2},"end":{"line":428,"column":null}},"type":"if","locations":[{"start":{"line":428,"column":2},"end":{"line":428,"column":null}},{"start":{},"end":{}}],"line":428},"35":{"loc":{"start":{"line":431,"column":18},"end":{"line":431,"column":null}},"type":"binary-expr","locations":[{"start":{"line":431,"column":18},"end":{"line":431,"column":34}},{"start":{"line":431,"column":34},"end":{"line":431,"column":null}}],"line":431},"36":{"loc":{"start":{"line":432,"column":17},"end":{"line":432,"column":null}},"type":"cond-expr","locations":[{"start":{"line":432,"column":24},"end":{"line":432,"column":50}},{"start":{"line":432,"column":50},"end":{"line":432,"column":null}}],"line":432},"37":{"loc":{"start":{"line":441,"column":4},"end":{"line":441,"column":null}},"type":"binary-expr","locations":[{"start":{"line":441,"column":4},"end":{"line":441,"column":17}},{"start":{"line":441,"column":17},"end":{"line":441,"column":null}}],"line":441},"38":{"loc":{"start":{"line":442,"column":4},"end":{"line":442,"column":null}},"type":"binary-expr","locations":[{"start":{"line":442,"column":4},"end":{"line":442,"column":18}},{"start":{"line":442,"column":18},"end":{"line":442,"column":null}}],"line":442},"39":{"loc":{"start":{"line":443,"column":4},"end":{"line":443,"column":null}},"type":"binary-expr","locations":[{"start":{"line":443,"column":4},"end":{"line":443,"column":12}},{"start":{"line":443,"column":12},"end":{"line":443,"column":null}}],"line":443},"40":{"loc":{"start":{"line":444,"column":4},"end":{"line":444,"column":null}},"type":"binary-expr","locations":[{"start":{"line":444,"column":4},"end":{"line":444,"column":27}},{"start":{"line":444,"column":27},"end":{"line":444,"column":null}}],"line":444},"41":{"loc":{"start":{"line":445,"column":4},"end":{"line":445,"column":null}},"type":"binary-expr","locations":[{"start":{"line":445,"column":4},"end":{"line":445,"column":16}},{"start":{"line":445,"column":16},"end":{"line":445,"column":null}}],"line":445},"42":{"loc":{"start":{"line":446,"column":4},"end":{"line":446,"column":null}},"type":"binary-expr","locations":[{"start":{"line":446,"column":4},"end":{"line":446,"column":13}},{"start":{"line":446,"column":13},"end":{"line":446,"column":null}}],"line":446},"43":{"loc":{"start":{"line":458,"column":2},"end":{"line":458,"column":null}},"type":"if","locations":[{"start":{"line":458,"column":2},"end":{"line":458,"column":null}},{"start":{},"end":{}}],"line":458},"44":{"loc":{"start":{"line":465,"column":2},"end":{"line":465,"column":null}},"type":"if","locations":[{"start":{"line":465,"column":2},"end":{"line":465,"column":null}},{"start":{},"end":{}}],"line":465},"45":{"loc":{"start":{"line":468,"column":2},"end":{"line":468,"column":null}},"type":"if","locations":[{"start":{"line":468,"column":2},"end":{"line":468,"column":null}},{"start":{},"end":{}}],"line":468},"46":{"loc":{"start":{"line":482,"column":2},"end":{"line":484,"column":null}},"type":"if","locations":[{"start":{"line":482,"column":2},"end":{"line":484,"column":null}},{"start":{},"end":{}}],"line":482},"47":{"loc":{"start":{"line":482,"column":6},"end":{"line":482,"column":46}},"type":"binary-expr","locations":[{"start":{"line":482,"column":6},"end":{"line":482,"column":19}},{"start":{"line":482,"column":19},"end":{"line":482,"column":46}}],"line":482},"48":{"loc":{"start":{"line":494,"column":2},"end":{"line":494,"column":null}},"type":"if","locations":[{"start":{"line":494,"column":2},"end":{"line":494,"column":null}},{"start":{},"end":{}}],"line":494},"49":{"loc":{"start":{"line":506,"column":2},"end":{"line":506,"column":null}},"type":"if","locations":[{"start":{"line":506,"column":2},"end":{"line":506,"column":null}},{"start":{},"end":{}}],"line":506},"50":{"loc":{"start":{"line":520,"column":2},"end":{"line":520,"column":null}},"type":"if","locations":[{"start":{"line":520,"column":2},"end":{"line":520,"column":null}},{"start":{},"end":{}}],"line":520},"51":{"loc":{"start":{"line":521,"column":2},"end":{"line":521,"column":null}},"type":"if","locations":[{"start":{"line":521,"column":2},"end":{"line":521,"column":null}},{"start":{},"end":{}}],"line":521},"52":{"loc":{"start":{"line":528,"column":2},"end":{"line":528,"column":null}},"type":"if","locations":[{"start":{"line":528,"column":2},"end":{"line":528,"column":null}},{"start":{},"end":{}}],"line":528},"53":{"loc":{"start":{"line":537,"column":2},"end":{"line":537,"column":null}},"type":"if","locations":[{"start":{"line":537,"column":2},"end":{"line":537,"column":null}},{"start":{},"end":{}}],"line":537},"54":{"loc":{"start":{"line":544,"column":13},"end":{"line":544,"column":null}},"type":"binary-expr","locations":[{"start":{"line":544,"column":13},"end":{"line":544,"column":24}},{"start":{"line":544,"column":24},"end":{"line":544,"column":null}}],"line":544},"55":{"loc":{"start":{"line":545,"column":15},"end":{"line":545,"column":null}},"type":"binary-expr","locations":[{"start":{"line":545,"column":15},"end":{"line":545,"column":28}},{"start":{"line":545,"column":28},"end":{"line":545,"column":46}},{"start":{"line":545,"column":46},"end":{"line":545,"column":null}}],"line":545},"56":{"loc":{"start":{"line":562,"column":2},"end":{"line":562,"column":null}},"type":"if","locations":[{"start":{"line":562,"column":2},"end":{"line":562,"column":null}},{"start":{},"end":{}}],"line":562},"57":{"loc":{"start":{"line":569,"column":2},"end":{"line":569,"column":null}},"type":"if","locations":[{"start":{"line":569,"column":2},"end":{"line":569,"column":null}},{"start":{},"end":{}}],"line":569},"58":{"loc":{"start":{"line":576,"column":2},"end":{"line":576,"column":null}},"type":"if","locations":[{"start":{"line":576,"column":2},"end":{"line":576,"column":null}},{"start":{},"end":{}}],"line":576},"59":{"loc":{"start":{"line":582,"column":2},"end":{"line":593,"column":null}},"type":"if","locations":[{"start":{"line":582,"column":2},"end":{"line":593,"column":null}},{"start":{},"end":{}}],"line":582},"60":{"loc":{"start":{"line":582,"column":6},"end":{"line":582,"column":65}},"type":"binary-expr","locations":[{"start":{"line":582,"column":6},"end":{"line":582,"column":37}},{"start":{"line":582,"column":37},"end":{"line":582,"column":65}}],"line":582},"61":{"loc":{"start":{"line":583,"column":21},"end":{"line":583,"column":null}},"type":"binary-expr","locations":[{"start":{"line":583,"column":21},"end":{"line":583,"column":37}},{"start":{"line":583,"column":37},"end":{"line":583,"column":57}},{"start":{"line":583,"column":57},"end":{"line":583,"column":null}}],"line":583},"62":{"loc":{"start":{"line":584,"column":22},"end":{"line":584,"column":null}},"type":"binary-expr","locations":[{"start":{"line":584,"column":22},"end":{"line":584,"column":39}},{"start":{"line":584,"column":39},"end":{"line":584,"column":57}},{"start":{"line":584,"column":57},"end":{"line":584,"column":null}}],"line":584},"63":{"loc":{"start":{"line":588,"column":39},"end":{"line":588,"column":69}},"type":"cond-expr","locations":[{"start":{"line":588,"column":63},"end":{"line":588,"column":67}},{"start":{"line":588,"column":67},"end":{"line":588,"column":69}}],"line":588},"64":{"loc":{"start":{"line":597,"column":18},"end":{"line":597,"column":52}},"type":"binary-expr","locations":[{"start":{"line":597,"column":18},"end":{"line":597,"column":34}},{"start":{"line":597,"column":34},"end":{"line":597,"column":52}}],"line":597},"65":{"loc":{"start":{"line":597,"column":52},"end":{"line":597,"column":72}},"type":"binary-expr","locations":[{"start":{"line":597,"column":52},"end":{"line":597,"column":61}},{"start":{"line":597,"column":61},"end":{"line":597,"column":72}}],"line":597},"66":{"loc":{"start":{"line":597,"column":72},"end":{"line":597,"column":98}},"type":"binary-expr","locations":[{"start":{"line":597,"column":72},"end":{"line":597,"column":84}},{"start":{"line":597,"column":84},"end":{"line":597,"column":98}}],"line":597},"67":{"loc":{"start":{"line":611,"column":2},"end":{"line":611,"column":null}},"type":"if","locations":[{"start":{"line":611,"column":2},"end":{"line":611,"column":null}},{"start":{},"end":{}}],"line":611},"68":{"loc":{"start":{"line":625,"column":2},"end":{"line":625,"column":null}},"type":"if","locations":[{"start":{"line":625,"column":2},"end":{"line":625,"column":null}},{"start":{},"end":{}}],"line":625},"69":{"loc":{"start":{"line":632,"column":2},"end":{"line":632,"column":null}},"type":"if","locations":[{"start":{"line":632,"column":2},"end":{"line":632,"column":null}},{"start":{},"end":{}}],"line":632},"70":{"loc":{"start":{"line":641,"column":23},"end":{"line":641,"column":42}},"type":"binary-expr","locations":[{"start":{"line":641,"column":23},"end":{"line":641,"column":36}},{"start":{"line":641,"column":36},"end":{"line":641,"column":42}}],"line":641},"71":{"loc":{"start":{"line":641,"column":83},"end":{"line":641,"column":104}},"type":"binary-expr","locations":[{"start":{"line":641,"column":83},"end":{"line":641,"column":101}},{"start":{"line":641,"column":101},"end":{"line":641,"column":104}}],"line":641},"72":{"loc":{"start":{"line":641,"column":104},"end":{"line":641,"column":118}},"type":"binary-expr","locations":[{"start":{"line":641,"column":104},"end":{"line":641,"column":116}},{"start":{"line":641,"column":116},"end":{"line":641,"column":118}}],"line":641},"73":{"loc":{"start":{"line":655,"column":2},"end":{"line":655,"column":null}},"type":"if","locations":[{"start":{"line":655,"column":2},"end":{"line":655,"column":null}},{"start":{},"end":{}}],"line":655},"74":{"loc":{"start":{"line":656,"column":2},"end":{"line":656,"column":null}},"type":"if","locations":[{"start":{"line":656,"column":2},"end":{"line":656,"column":null}},{"start":{},"end":{}}],"line":656},"75":{"loc":{"start":{"line":668,"column":19},"end":{"line":669,"column":null}},"type":"cond-expr","locations":[{"start":{"line":669,"column":6},"end":{"line":669,"column":89}},{"start":{"line":669,"column":89},"end":{"line":669,"column":null}}],"line":668},"76":{"loc":{"start":{"line":669,"column":49},"end":{"line":669,"column":64}},"type":"binary-expr","locations":[{"start":{"line":669,"column":49},"end":{"line":669,"column":60}},{"start":{"line":669,"column":60},"end":{"line":669,"column":64}}],"line":669},"77":{"loc":{"start":{"line":670,"column":28},"end":{"line":671,"column":null}},"type":"cond-expr","locations":[{"start":{"line":671,"column":6},"end":{"line":671,"column":84}},{"start":{"line":671,"column":84},"end":{"line":671,"column":null}}],"line":670},"78":{"loc":{"start":{"line":692,"column":2},"end":{"line":692,"column":null}},"type":"if","locations":[{"start":{"line":692,"column":2},"end":{"line":692,"column":null}},{"start":{},"end":{}}],"line":692},"79":{"loc":{"start":{"line":693,"column":2},"end":{"line":693,"column":null}},"type":"if","locations":[{"start":{"line":693,"column":2},"end":{"line":693,"column":null}},{"start":{},"end":{}}],"line":693},"80":{"loc":{"start":{"line":719,"column":2},"end":{"line":719,"column":null}},"type":"if","locations":[{"start":{"line":719,"column":2},"end":{"line":719,"column":null}},{"start":{},"end":{}}],"line":719},"81":{"loc":{"start":{"line":719,"column":6},"end":{"line":719,"column":38}},"type":"binary-expr","locations":[{"start":{"line":719,"column":6},"end":{"line":719,"column":15}},{"start":{"line":719,"column":15},"end":{"line":719,"column":38}}],"line":719},"82":{"loc":{"start":{"line":731,"column":2},"end":{"line":731,"column":null}},"type":"if","locations":[{"start":{"line":731,"column":2},"end":{"line":731,"column":null}},{"start":{},"end":{}}],"line":731},"83":{"loc":{"start":{"line":731,"column":6},"end":{"line":731,"column":38}},"type":"binary-expr","locations":[{"start":{"line":731,"column":6},"end":{"line":731,"column":15}},{"start":{"line":731,"column":15},"end":{"line":731,"column":38}}],"line":731},"84":{"loc":{"start":{"line":739,"column":19},"end":{"line":739,"column":null}},"type":"binary-expr","locations":[{"start":{"line":739,"column":19},"end":{"line":739,"column":37}},{"start":{"line":739,"column":37},"end":{"line":739,"column":null}}],"line":739},"85":{"loc":{"start":{"line":740,"column":20},"end":{"line":740,"column":null}},"type":"binary-expr","locations":[{"start":{"line":740,"column":20},"end":{"line":740,"column":39}},{"start":{"line":740,"column":39},"end":{"line":740,"column":null}}],"line":740},"86":{"loc":{"start":{"line":741,"column":22},"end":{"line":741,"column":null}},"type":"binary-expr","locations":[{"start":{"line":741,"column":22},"end":{"line":741,"column":36}},{"start":{"line":741,"column":36},"end":{"line":741,"column":null}}],"line":741},"87":{"loc":{"start":{"line":742,"column":21},"end":{"line":742,"column":null}},"type":"binary-expr","locations":[{"start":{"line":742,"column":21},"end":{"line":742,"column":41}},{"start":{"line":742,"column":41},"end":{"line":742,"column":null}}],"line":742}},"s":{"0":1,"1":0,"2":1,"3":1,"4":1,"5":1,"6":1,"7":1,"8":1,"9":1,"10":1,"11":1,"12":32,"13":0,"14":0,"15":0,"16":0,"17":0,"18":0,"19":0,"20":0,"21":0,"22":0,"23":0,"24":0,"25":0,"26":0,"27":0,"28":0,"29":0,"30":0,"31":0,"32":0,"33":0,"34":1,"35":1,"36":0,"37":1,"38":1,"39":1,"40":0,"41":0,"42":0,"43":0,"44":0,"45":0,"46":0,"47":0,"48":0,"49":0,"50":0,"51":0,"52":0,"53":0,"54":0,"55":0,"56":0,"57":0,"58":0,"59":0,"60":0,"61":0,"62":0,"63":0,"64":1,"65":1,"66":1,"67":1,"68":0,"69":0,"70":0,"71":0,"72":0,"73":0,"74":0,"75":0,"76":0,"77":0,"78":0,"79":0,"80":0,"81":0,"82":0,"83":0,"84":0,"85":0,"86":0,"87":0,"88":0,"89":0,"90":0,"91":1,"92":1,"93":1,"94":1,"95":1,"96":0,"97":1,"98":1,"99":1,"100":0,"101":0,"102":0,"103":0,"104":0,"105":0,"106":0,"107":0,"108":0,"109":0,"110":1,"111":0,"112":0,"113":0,"114":0,"115":1,"116":0,"117":0,"118":0,"119":0,"120":1,"121":0,"122":0,"123":0,"124":0,"125":0,"126":0,"127":0,"128":0,"129":0,"130":0,"131":0,"132":0,"133":0,"134":0,"135":0,"136":0,"137":1,"138":0,"139":0,"140":0,"141":0,"142":0,"143":0,"144":0,"145":0,"146":0,"147":0,"148":0,"149":0,"150":0,"151":0,"152":0,"153":0,"154":1,"155":1,"156":1,"157":0,"158":1,"159":1,"160":1,"161":0,"162":0,"163":0,"164":0,"165":0,"166":0,"167":0,"168":1,"169":0,"170":0,"171":0,"172":0,"173":0,"174":0,"175":1,"176":0,"177":0,"178":0,"179":0,"180":0,"181":0,"182":0,"183":0,"184":0,"185":0,"186":0,"187":0,"188":0,"189":0,"190":0,"191":0,"192":0,"193":0,"194":0,"195":1,"196":0,"197":0,"198":0,"199":0,"200":0,"201":0,"202":0,"203":0,"204":0,"205":0,"206":0,"207":0,"208":0,"209":0,"210":0,"211":0,"212":0,"213":0,"214":0,"215":0,"216":0,"217":0,"218":0,"219":0,"220":0,"221":0,"222":0,"223":1,"224":0,"225":0,"226":0,"227":0,"228":0,"229":0,"230":1,"231":0,"232":0,"233":0,"234":0,"235":0,"236":0,"237":0,"238":0,"239":0,"240":0,"241":0,"242":0,"243":0,"244":0,"245":0,"246":0,"247":1,"248":0,"249":0,"250":0,"251":0,"252":0,"253":0,"254":0,"255":0,"256":0,"257":0,"258":0,"259":0,"260":0,"261":0,"262":0,"263":0,"264":1,"265":0,"266":0,"267":0,"268":0,"269":0,"270":0,"271":0,"272":0,"273":1,"274":0,"275":0,"276":0,"277":0,"278":0,"279":0,"280":1,"281":0,"282":0,"283":0,"284":0,"285":0,"286":0,"287":0,"288":0,"289":0,"290":1,"291":1,"292":1,"293":0,"294":1,"295":1,"296":12,"297":0},"f":{"0":0,"1":1,"2":32,"3":0,"4":0,"5":0,"6":0,"7":0,"8":0,"9":0,"10":1,"11":0,"12":0,"13":0,"14":0,"15":0,"16":1,"17":0,"18":0,"19":0,"20":0,"21":1,"22":0,"23":0,"24":0,"25":0,"26":0,"27":0,"28":0,"29":0,"30":0,"31":0,"32":0,"33":0,"34":0,"35":0,"36":0,"37":1,"38":0,"39":0},"b":{"0":[0,0],"1":[0,0],"2":[0,0],"3":[0,0],"4":[0,1],"5":[0],"6":[0,0],"7":[0,0],"8":[0,0],"9":[0,0],"10":[0,0],"11":[0,0],"12":[0,0],"13":[0,0],"14":[0,0],"15":[0,0],"16":[0,0],"17":[0,0],"18":[0,0],"19":[0,0],"20":[0,0],"21":[0,0],"22":[0,0],"23":[0,0],"24":[0,0],"25":[0,0],"26":[0,0],"27":[0,0],"28":[1,0],"29":[0,0],"30":[0,0],"31":[0,0],"32":[0,0],"33":[0,0],"34":[0,0],"35":[0,0],"36":[0,0],"37":[0,0],"38":[0,0],"39":[0,0],"40":[0,0],"41":[0,0],"42":[0,0],"43":[0,0],"44":[0,0],"45":[0,0],"46":[0,1],"47":[1,0],"48":[0,0],"49":[0,0],"50":[0,0],"51":[0,0],"52":[0,0],"53":[0,0],"54":[0,0],"55":[0,0,0],"56":[0,0],"57":[0,0],"58":[0,0],"59":[0,0],"60":[0,0],"61":[0,0,0],"62":[0,0,0],"63":[0,0],"64":[0,0],"65":[0,0],"66":[0,0],"67":[0,0],"68":[0,0],"69":[0,0],"70":[0,0],"71":[0,0],"72":[0,0],"73":[0,0],"74":[0,0],"75":[0,0],"76":[0,0],"77":[0,0],"78":[0,0],"79":[0,0],"80":[0,0],"81":[0,0],"82":[0,0],"83":[0,0],"84":[0,0],"85":[0,0],"86":[0,0],"87":[0,0]},"meta":{"lastBranch":88,"lastFunction":40,"lastStatement":298,"seen":{"s:62:23:72:Infinity":0,"f:66:51:66:58":0,"s:66:58:66:100":1,"s:74:20:77:Infinity":2,"s:79:22:87:Infinity":3,"s:89:29:92:Infinity":4,"s:94:31:99:Infinity":5,"s:101:31:106:Infinity":6,"s:108:24:113:Infinity":7,"f:116:15:116:28":1,"s:117:18:117:Infinity":8,"s:118:15:118:Infinity":9,"s:119:21:119:Infinity":10,"s:120:2:122:Infinity":11,"f:121:9:121:14":2,"s:121:14:121:45":12,"f:125:9:125:33":3,"s:126:16:126:Infinity":13,"s:127:2:127:Infinity":14,"s:128:2:128:Infinity":15,"f:128:31:128:36":4,"s:128:36:128:67":16,"f:131:9:131:30":5,"s:132:2:132:Infinity":17,"f:135:9:135:27":6,"s:136:16:136:Infinity":18,"b:137:2:137:Infinity:undefined:undefined:undefined:undefined":0,"s:137:2:137:Infinity":19,"s:137:25:137:Infinity":20,"s:138:2:138:Infinity":21,"f:141:9:141:18":7,"s:142:36:142:Infinity":22,"s:143:2:143:Infinity":23,"f:147:9:147:29":8,"s:148:21:148:Infinity":24,"b:149:2:149:Infinity:undefined:undefined:undefined:undefined":1,"s:149:2:149:Infinity":25,"s:149:41:149:Infinity":26,"s:150:2:150:Infinity":27,"f:153:15:153:32":9,"b:154:2:154:Infinity:undefined:undefined:undefined:undefined":2,"s:154:2:154:Infinity":28,"s:154:14:154:Infinity":29,"s:155:14:158:Infinity":30,"b:159:2:159:Infinity:undefined:undefined:undefined:undefined":3,"s:159:2:159:Infinity":31,"s:159:12:159:Infinity":32,"s:160:2:163:Infinity":33,"f:167:15:167:25":10,"s:168:19:171:Infinity":34,"b:172:2:172:Infinity:undefined:undefined:undefined:undefined":4,"s:172:2:172:Infinity":35,"s:172:16:172:Infinity":36,"s:173:15:173:Infinity":37,"s:174:2:178:Infinity":38,"s:182:110:209:Infinity":39,"f:212:15:212:Infinity":11,"b:217:29:217:Infinity":5,"s:220:43:225:Infinity":40,"s:226:16:226:Infinity":41,"b:226:16:226:39:226:39:226:Infinity":6,"s:228:44:232:Infinity":42,"s:234:21:234:Infinity":43,"b:234:35:234:49:234:49:234:Infinity":7,"b:234:63:234:72:234:72:234:Infinity":8,"s:236:17:254:Infinity":44,"s:256:2:264:Infinity":45,"s:257:19:260:Infinity":46,"s:261:4:261:Infinity":47,"b:261:11:261:38:261:38:261:Infinity":9,"s:263:4:263:Infinity":48,"f:267:9:267:26":12,"s:268:42:273:Infinity":49,"s:274:14:274:Infinity":50,"b:274:14:274:36:274:36:274:Infinity":10,"b:275:2:275:Infinity:undefined:undefined:undefined:undefined":11,"s:275:2:275:Infinity":51,"s:275:19:275:Infinity":52,"b:276:2:276:Infinity:undefined:undefined:undefined:undefined":12,"s:276:2:276:Infinity":53,"s:276:19:276:Infinity":54,"s:277:2:277:Infinity":55,"f:281:9:281:20":13,"s:282:13:282:Infinity":56,"b:282:13:282:48:282:48:282:Infinity":13,"b:283:2:283:Infinity:undefined:undefined:undefined:undefined":14,"s:283:2:283:Infinity":57,"s:283:27:283:Infinity":58,"b:284:2:284:Infinity:undefined:undefined:undefined:undefined":15,"s:284:2:284:Infinity":59,"s:284:27:284:Infinity":60,"s:285:2:285:Infinity":61,"f:289:15:289:27":14,"s:290:16:290:Infinity":62,"s:291:2:291:Infinity":63,"s:295:12:295:Infinity":64,"s:297:0:301:Infinity":65,"s:303:0:303:Infinity":66,"s:310:0:365:Infinity":67,"f:310:31:310:38":15,"s:311:13:311:Infinity":68,"s:312:2:312:Infinity":69,"s:315:2:316:Infinity":70,"s:315:8:315:33":71,"s:316:10:316:66":72,"s:318:17:318:Infinity":73,"b:319:2:322:Infinity:undefined:undefined:undefined:undefined":16,"s:319:2:322:Infinity":74,"s:320:16:320:Infinity":75,"b:320:16:320:51:320:51:320:Infinity":17,"s:321:4:321:Infinity":76,"s:324:94:324:Infinity":77,"s:325:26:325:Infinity":78,"s:328:19:331:Infinity":79,"b:332:2:332:Infinity:undefined:undefined:undefined:undefined":18,"s:332:2:332:Infinity":80,"s:332:16:332:Infinity":81,"s:334:13:334:Infinity":82,"s:335:23:335:Infinity":83,"s:336:17:336:Infinity":84,"s:337:8:337:Infinity":85,"s:339:2:350:Infinity":86,"b:344:26:344:47:344:47:344:Infinity":19,"b:344:26:344:39:344:39:344:47":20,"b:345:26:345:46:345:46:345:Infinity":21,"b:345:26:345:40:345:40:345:46":22,"b:346:26:346:49:346:49:346:Infinity":23,"b:346:26:346:41:346:41:346:49":24,"b:347:26:347:46:347:46:347:Infinity":25,"b:347:26:347:38:347:38:347:46":26,"b:348:4:348:12:348:12:348:Infinity":27,"s:352:16:352:Infinity":87,"s:353:2:355:Infinity":88,"s:357:15:357:Infinity":89,"s:359:2:364:Infinity":90,"s:368:0:401:Infinity":91,"f:368:28:368:35":16,"s:369:13:369:Infinity":92,"s:370:2:370:Infinity":93,"s:373:2:374:Infinity":94,"s:373:8:373:33":95,"s:374:10:374:66":96,"s:376:17:376:Infinity":97,"b:377:2:377:Infinity:undefined:undefined:undefined:undefined":28,"s:377:2:377:Infinity":98,"s:377:23:377:Infinity":99,"s:379:26:379:Infinity":100,"s:380:15:383:Infinity":101,"b:385:2:385:Infinity:undefined:undefined:undefined:undefined":29,"s:385:2:385:Infinity":102,"s:385:13:385:Infinity":103,"s:387:20:387:Infinity":104,"b:388:2:388:Infinity:undefined:undefined:undefined:undefined":30,"s:388:2:388:Infinity":105,"s:388:39:388:Infinity":106,"s:390:16:390:Infinity":107,"s:391:2:393:Infinity":108,"s:395:2:400:Infinity":109,"s:404:0:408:Infinity":110,"f:404:24:404:31":17,"s:405:15:405:Infinity":111,"b:406:2:406:Infinity:undefined:undefined:undefined:undefined":31,"s:406:2:406:Infinity":112,"s:406:13:406:Infinity":113,"s:407:2:407:Infinity":114,"s:411:0:415:Infinity":115,"f:411:29:411:36":18,"s:412:16:412:Infinity":116,"b:413:2:413:Infinity:undefined:undefined:undefined:undefined":32,"s:413:2:413:Infinity":117,"s:413:13:413:Infinity":118,"s:414:2:414:Infinity":119,"s:418:0:452:Infinity":120,"f:418:29:418:36":19,"s:419:13:419:Infinity":121,"s:420:15:420:Infinity":122,"b:421:2:421:Infinity:undefined:undefined:undefined:undefined":33,"s:421:2:421:Infinity":123,"s:421:13:421:Infinity":124,"s:424:2:425:Infinity":125,"s:424:8:424:33":126,"s:425:10:425:66":127,"s:427:17:427:Infinity":128,"b:428:2:428:Infinity:undefined:undefined:undefined:undefined":34,"s:428:2:428:Infinity":129,"s:428:23:428:Infinity":130,"s:430:78:430:Infinity":131,"s:431:18:431:Infinity":132,"b:431:18:431:34:431:34:431:Infinity":35,"s:432:17:432:Infinity":133,"b:432:24:432:50:432:50:432:Infinity":36,"s:434:2:448:Infinity":134,"b:441:4:441:17:441:17:441:Infinity":37,"b:442:4:442:18:442:18:442:Infinity":38,"b:443:4:443:12:443:12:443:Infinity":39,"b:444:4:444:27:444:27:444:Infinity":40,"b:445:4:445:16:445:16:445:Infinity":41,"b:446:4:446:13:446:13:446:Infinity":42,"s:450:18:450:Infinity":135,"s:451:2:451:Infinity":136,"s:455:0:473:Infinity":137,"f:455:37:455:44":20,"s:456:13:456:Infinity":138,"s:457:15:457:Infinity":139,"b:458:2:458:Infinity:undefined:undefined:undefined:undefined":43,"s:458:2:458:Infinity":140,"s:458:13:458:Infinity":141,"s:461:2:462:Infinity":142,"s:461:8:461:33":143,"s:462:10:462:66":144,"s:464:17:464:Infinity":145,"b:465:2:465:Infinity:undefined:undefined:undefined:undefined":44,"s:465:2:465:Infinity":146,"s:465:23:465:Infinity":147,"s:467:22:467:Infinity":148,"b:468:2:468:Infinity:undefined:undefined:undefined:undefined":45,"s:468:2:468:Infinity":149,"s:468:41:468:Infinity":150,"s:470:18:470:Infinity":151,"s:471:2:471:Infinity":152,"s:472:2:472:Infinity":153,"s:480:0:487:Infinity":154,"f:480:22:480:23":21,"s:481:20:481:Infinity":155,"b:482:2:484:Infinity:undefined:undefined:undefined:undefined":46,"s:482:2:484:Infinity":156,"b:482:6:482:19:482:19:482:46":47,"s:483:4:483:Infinity":157,"s:485:14:485:Infinity":158,"s:486:2:486:Infinity":159,"s:490:0:496:Infinity":160,"f:490:26:490:27":22,"s:491:13:491:Infinity":161,"s:492:14:492:Infinity":162,"s:493:15:493:Infinity":163,"f:493:24:493:29":23,"s:493:29:493:40":164,"b:494:2:494:Infinity:undefined:undefined:undefined:undefined":48,"s:494:2:494:Infinity":165,"s:494:13:494:Infinity":166,"s:495:2:495:Infinity":167,"s:503:0:514:Infinity":168,"f:503:28:503:35":24,"s:504:13:504:Infinity":169,"s:505:15:505:Infinity":170,"b:506:2:506:Infinity:undefined:undefined:undefined:undefined":49,"s:506:2:506:Infinity":171,"s:506:13:506:Infinity":172,"s:508:22:511:Infinity":173,"s:513:2:513:Infinity":174,"s:517:0:556:Infinity":175,"f:517:29:517:36":25,"s:518:13:518:Infinity":176,"s:519:15:519:Infinity":177,"b:520:2:520:Infinity:undefined:undefined:undefined:undefined":50,"s:520:2:520:Infinity":178,"s:520:13:520:Infinity":179,"b:521:2:521:Infinity:undefined:undefined:undefined:undefined":51,"s:521:2:521:Infinity":180,"s:521:31:521:Infinity":181,"s:524:2:525:Infinity":182,"s:524:8:524:33":183,"s:525:10:525:66":184,"s:527:17:527:Infinity":185,"b:528:2:528:Infinity:undefined:undefined:undefined:undefined":52,"s:528:2:528:Infinity":186,"s:528:23:528:Infinity":187,"s:530:52:530:Infinity":188,"s:533:17:536:Infinity":189,"b:537:2:537:Infinity:undefined:undefined:undefined:undefined":53,"s:537:2:537:Infinity":190,"s:537:14:537:Infinity":191,"s:539:26:548:Infinity":192,"b:544:13:544:24:544:24:544:Infinity":54,"b:545:15:545:28:545:28:545:46:545:46:545:Infinity":55,"s:550:2:553:Infinity":193,"s:555:2:555:Infinity":194,"s:559:0:601:Infinity":195,"f:559:32:559:39":26,"s:560:13:560:Infinity":196,"s:561:15:561:Infinity":197,"b:562:2:562:Infinity:undefined:undefined:undefined:undefined":56,"s:562:2:562:Infinity":198,"s:562:13:562:Infinity":199,"s:564:16:564:Infinity":200,"s:565:14:568:Infinity":201,"b:569:2:569:Infinity:undefined:undefined:undefined:undefined":57,"s:569:2:569:Infinity":202,"s:569:12:569:Infinity":203,"s:572:2:573:Infinity":204,"s:572:8:572:33":205,"s:573:10:573:66":206,"s:575:17:575:Infinity":207,"b:576:2:576:Infinity:undefined:undefined:undefined:undefined":58,"s:576:2:576:Infinity":208,"s:576:23:576:Infinity":209,"s:578:15:578:Infinity":210,"s:579:50:579:Infinity":211,"b:582:2:593:Infinity:undefined:undefined:undefined:undefined":59,"s:582:2:593:Infinity":212,"b:582:6:582:37:582:37:582:65":60,"s:583:21:583:Infinity":213,"b:583:21:583:37:583:37:583:57:583:57:583:Infinity":61,"s:584:22:584:Infinity":214,"b:584:22:584:39:584:39:584:57:584:57:584:Infinity":62,"s:587:22:587:Infinity":215,"s:588:4:588:Infinity":216,"b:588:63:588:67:588:67:588:69":63,"s:590:17:590:Infinity":217,"s:591:4:591:Infinity":218,"s:592:4:592:Infinity":219,"s:595:2:597:Infinity":220,"b:597:18:597:34:597:34:597:52":64,"b:597:52:597:61:597:61:597:72":65,"b:597:72:597:84:597:84:597:98":66,"s:599:18:599:Infinity":221,"s:600:2:600:Infinity":222,"s:608:0:619:Infinity":223,"f:608:27:608:34":27,"s:609:13:609:Infinity":224,"s:610:15:610:Infinity":225,"b:611:2:611:Infinity:undefined:undefined:undefined:undefined":67,"s:611:2:611:Infinity":226,"s:611:13:611:Infinity":227,"s:613:22:616:Infinity":228,"s:618:2:618:Infinity":229,"s:622:0:645:Infinity":230,"f:622:28:622:35":28,"s:623:13:623:Infinity":231,"s:624:15:624:Infinity":232,"b:625:2:625:Infinity:undefined:undefined:undefined:undefined":68,"s:625:2:625:Infinity":233,"s:625:13:625:Infinity":234,"s:628:2:629:Infinity":235,"s:628:8:628:33":236,"s:629:10:629:66":237,"s:631:17:631:Infinity":238,"b:632:2:632:Infinity:undefined:undefined:undefined:undefined":69,"s:632:2:632:Infinity":239,"s:632:23:632:Infinity":240,"s:634:57:634:Infinity":241,"s:635:13:635:Infinity":242,"s:636:8:636:Infinity":243,"s:638:2:641:Infinity":244,"b:641:23:641:36:641:36:641:42":70,"b:641:83:641:101:641:101:641:104":71,"b:641:104:641:116:641:116:641:118":72,"s:643:17:643:Infinity":245,"s:644:2:644:Infinity":246,"s:652:0:682:Infinity":247,"f:652:30:652:37":29,"s:653:13:653:Infinity":248,"s:654:15:654:Infinity":249,"b:655:2:655:Infinity:undefined:undefined:undefined:undefined":73,"s:655:2:655:Infinity":250,"s:655:13:655:Infinity":251,"b:656:2:656:Infinity:undefined:undefined:undefined:undefined":74,"s:656:2:656:Infinity":252,"s:656:31:656:Infinity":253,"s:658:28:661:Infinity":254,"s:662:34:665:Infinity":255,"s:667:20:667:Infinity":256,"f:667:32:667:37":30,"s:667:37:667:61":257,"s:668:19:669:Infinity":258,"b:669:6:669:89:669:89:669:Infinity":75,"f:669:34:669:35":31,"s:669:44:669:64":259,"b:669:49:669:60:669:60:669:64":76,"s:670:28:671:Infinity":260,"b:671:6:671:84:671:84:671:Infinity":77,"f:671:35:671:36":32,"s:671:45:671:58":261,"s:673:2:681:Infinity":262,"f:675:33:675:38":33,"s:675:38:675:64":263,"s:689:0:709:Infinity":264,"f:689:35:689:42":34,"s:690:13:690:Infinity":265,"s:691:15:691:Infinity":266,"b:692:2:692:Infinity:undefined:undefined:undefined:undefined":78,"s:692:2:692:Infinity":267,"s:692:13:692:Infinity":268,"b:693:2:693:Infinity:undefined:undefined:undefined:undefined":79,"s:693:2:693:Infinity":269,"s:693:31:693:Infinity":270,"s:696:22:706:Infinity":271,"s:708:2:708:Infinity":272,"s:716:0:725:Infinity":273,"f:716:27:716:34":35,"s:717:13:717:Infinity":274,"s:718:15:718:Infinity":275,"b:719:2:719:Infinity:undefined:undefined:undefined:undefined":80,"s:719:2:719:Infinity":276,"b:719:6:719:15:719:15:719:38":81,"s:719:38:719:Infinity":277,"s:721:22:723:Infinity":278,"s:724:2:724:Infinity":279,"s:728:0:744:Infinity":280,"f:728:28:728:35":36,"s:729:13:729:Infinity":281,"s:730:15:730:Infinity":282,"b:731:2:731:Infinity:undefined:undefined:undefined:undefined":82,"s:731:2:731:Infinity":283,"b:731:6:731:15:731:15:731:38":83,"s:731:38:731:Infinity":284,"s:733:22:733:Infinity":285,"s:734:23:734:Infinity":286,"s:735:18:735:Infinity":287,"s:736:24:736:Infinity":288,"s:738:2:743:Infinity":289,"b:739:19:739:37:739:37:739:Infinity":84,"b:740:20:740:39:740:39:740:Infinity":85,"b:741:22:741:36:741:36:741:Infinity":86,"b:742:21:742:41:742:41:742:Infinity":87,"s:750:0:890:Infinity":290,"f:750:21:750:22":37,"s:751:15:888:Infinity":291,"s:889:2:889:Infinity":292,"f:895:9:895:27":38,"s:896:2:896:Infinity":293,"s:930:19:931:Infinity":294,"s:933:0:935:Infinity":295,"s:934:2:934:Infinity":296,"f:934:17:934:18":39,"s:934:24:934:41":297}}}
}
